[debug] [2021-03-04T12:21:45.744Z] ----------------------------------------------------------------------
[debug] [2021-03-04T12:21:45.744Z] Command:       C:\Program Files\nodejs\node.exe C:\Users\Swapnil Sharma\AppData\Roaming\npm\node_modules\firebase-tools\lib\bin\firebase.js init
[debug] [2021-03-04T12:21:45.744Z] CLI Version:   9.5.0
[debug] [2021-03-04T12:21:45.744Z] Platform:      win32
[debug] [2021-03-04T12:21:45.744Z] Node Version:  v12.18.4
[debug] [2021-03-04T12:21:45.756Z] Time:          Thu Mar 04 2021 17:51:45 GMT+0530 (India Standard Time)
[debug] [2021-03-04T12:21:45.756Z] ----------------------------------------------------------------------
[debug] [2021-03-04T12:21:45.756Z] 
[debug] [2021-03-04T12:21:45.756Z] > command requires scopes: ["email","openid","https://www.googleapis.com/auth/cloudplatformprojects.readonly","https://www.googleapis.com/auth/firebase","https://www.googleapis.com/auth/cloud-platform"]
[debug] [2021-03-04T12:21:45.756Z] > authorizing via signed-in user
[info] 
     ######## #### ########  ######## ########     ###     ######  ########
     ##        ##  ##     ## ##       ##     ##  ##   ##  ##       ##
     ######    ##  ########  ######   ########  #########  ######  ######
     ##        ##  ##    ##  ##       ##     ## ##     ##       ## ##
     ##       #### ##     ## ######## ########  ##     ##  ######  ########

You're about to initialize a Firebase project in this directory:

  C:\Users\Swapnil Sharma\Documents\htmlProjects\portfolio

Before we get started, keep in mind:

  * You are initializing in an existing Firebase project directory

